<?xml version="1.0" encoding="UTF-8"?>
<testng-results ignored="0" total="1" passed="1" failed="0" skipped="0">
  <reporter-output>
  </reporter-output>
  <suite started-at="2022-05-16T17:55:44 IST" name="Default suite" finished-at="2022-05-16T17:56:10 IST" duration-ms="25832">
    <groups>
    </groups>
    <test started-at="2022-05-16T17:55:44 IST" name="Default test" finished-at="2022-05-16T17:56:10 IST" duration-ms="25832">
      <class name="Selenium.MultipleWindows">
        <test-method is-config="true" signature="BrowserInitialization()[pri:0, instance:Selenium.MultipleWindows@2667f029]" started-at="2022-05-16T17:55:44 IST" name="BrowserInitialization" finished-at="2022-05-16T17:55:47 IST" duration-ms="2489" status="PASS">
          <reporter-output>
          </reporter-output>
        </test-method> <!-- BrowserInitialization -->
        <test-method signature="EnterDataIntofield()[pri:0, instance:Selenium.MultipleWindows@2667f029]" started-at="2022-05-16T17:55:47 IST" name="EnterDataIntofield" finished-at="2022-05-16T17:56:10 IST" duration-ms="22721" status="PASS">
          <reporter-output>
          </reporter-output>
        </test-method> <!-- EnterDataIntofield -->
        <test-method is-config="true" signature="CloseBrowser()[pri:0, instance:Selenium.MultipleWindows@2667f029]" started-at="2022-05-16T17:56:10 IST" name="CloseBrowser" finished-at="2022-05-16T17:56:10 IST" duration-ms="552" status="PASS">
          <reporter-output>
          </reporter-output>
        </test-method> <!-- CloseBrowser -->
      </class> <!-- Selenium.MultipleWindows -->
    </test> <!-- Default test -->
  </suite> <!-- Default suite -->
</testng-results>
