<?xml version="1.0" encoding="UTF-8"?>
<!-- Generated by org.testng.reporters.JUnitXMLReporter -->
<testsuite ignored="1" hostname="DESKTOP-LKDPVCH" failures="0" tests="2" name="Car" time="0.094" errors="0" timestamp="2022-05-16T17:28:13 IST">
  <testcase classname="TestNG.CarLoan" name="ApiLogin" time="0.008"/>
  <testcase classname="TestNG.CarLoan" name="WebLogin" time="0.004"/>
  <testcase classname="TestNG.CarLoan" name="MobileLogin" time="0.0">
    <ignored/>
  </testcase> <!-- MobileLogin -->
</testsuite> <!-- Car -->
