<?xml version="1.0" encoding="UTF-8"?>
<!-- Generated by org.testng.reporters.JUnitXMLReporter -->
<testsuite ignored="3" hostname="E115075" failures="0" tests="0" time="0.002" errors="0" timestamp="22 Feb 2020 16:03:20 GMT">
  <testcase classname="TestNG.EducationLoan" name="EducationLoanForThirdStandard" time="0.0">
    <ignored/>
  </testcase> <!-- EducationLoanForThirdStandard -->
  <testcase classname="TestNG.EducationLoan" name="EducationLoanForFirstStandard" time="0.0">
    <ignored/>
  </testcase> <!-- EducationLoanForFirstStandard -->
  <testcase classname="TestNG.EducationLoan" name="EducationLoanForSecondStandard" time="0.0">
    <ignored/>
  </testcase> <!-- EducationLoanForSecondStandard -->
</testsuite>
