<?xml version="1.0" encoding="UTF-8"?>
<!-- Generated by org.testng.reporters.JUnitXMLReporter -->
<testsuite ignored="10" hostname="DESKTOP-LKDPVCH" failures="0" tests="3" name="Personal" time="0.088" errors="0" timestamp="2022-05-16T17:35:56 IST">
  <testcase classname="TestNG.PersonalLoan" name="ApiLogin" time="0.011"/>
  <testcase classname="TestNG.GroupExample" name="GroupLogin" time="0.002"/>
  <testcase classname="TestNG.GroupExample" name="GroupLogout" time="0.003"/>
  <testcase classname="TestNG.CarLoan" name="MobileLogin" time="0.0">
    <ignored/>
  </testcase> <!-- MobileLogin -->
  <testcase classname="TestNG.EducationLoan" name="EducationLoanForSecondStandard" time="0.0">
    <ignored/>
  </testcase> <!-- EducationLoanForSecondStandard -->
  <testcase classname="TestNG.CarLoan" name="ApiLogin" time="0.0">
    <ignored/>
  </testcase> <!-- ApiLogin -->
  <testcase classname="TestNG.CarLoan" name="WebLogin" time="0.0">
    <ignored/>
  </testcase> <!-- WebLogin -->
  <testcase classname="TestNG.EducationLoan" name="EducationLoanForThirdStandard" time="0.0">
    <ignored/>
  </testcase> <!-- EducationLoanForThirdStandard -->
  <testcase classname="TestNG.SuiteExample" name="SuiteLogin" time="0.0">
    <ignored/>
  </testcase> <!-- SuiteLogin -->
  <testcase classname="TestNG.HomeLoan" name="BuildingName" time="0.0">
    <ignored/>
  </testcase> <!-- BuildingName -->
  <testcase classname="TestNG.EducationLoan" name="EducationLoanForFirstStandard" time="0.0">
    <ignored/>
  </testcase> <!-- EducationLoanForFirstStandard -->
  <testcase classname="TestNG.PersonalLoan" name="MobileLogin" time="0.0">
    <ignored/>
  </testcase> <!-- MobileLogin -->
  <testcase classname="TestNG.PersonalLoan" name="WebLogin" time="0.0">
    <ignored/>
  </testcase> <!-- WebLogin -->
</testsuite> <!-- Personal -->
